<?xml version="1.0" encoding="UTF-8"?>
<!-- Generated by org.testng.reporters.JUnitXMLReporter -->
<testsuite ignored="0" hostname="DESKTOP-UUGSSKP" failures="0" tests="9" name="Command line test" time="0.049" errors="0" timestamp="2020-09-16T15:45:25 EDT">
  <testcase classname="appmavenauto.mavenjava.AppiumTest" name="mobileLogin" time="0.004"/>
  <testcase classname="appmavenauto.mavenjava.AppiumTest" name="nativeAndroidApp" time="0.0"/>
  <testcase classname="appmavenauto.mavenjava.AppiumTest" name="iosApp" time="0.0"/>
  <testcase classname="appmavenauto.mavenjava.RESTAPITest" name="authTest" time="0.0"/>
  <testcase classname="appmavenauto.mavenjava.RESTAPITest" name="postJira" time="0.0"/>
  <testcase classname="appmavenauto.mavenjava.RESTAPITest" name="deleteTweet" time="0.0"/>
  <testcase classname="appmavenauto.mavenjava.SeleniumTest" name="webLogin" time="0.0"/>
  <testcase classname="appmavenauto.mavenjava.SeleniumTest" name="BrowserAutomation" time="0.0"/>
  <testcase classname="appmavenauto.mavenjava.SeleniumTest" name="elementsUI" time="0.0"/>
</testsuite> <!-- Command line test -->
