<?xml version="1.0" encoding="UTF-8"?>
<!-- Generated by org.testng.reporters.JUnitXMLReporter -->
<testsuite ignored="0" hostname="DESKTOP-UUGSSKP" failures="0" tests="6" name="Test" time="0.034" errors="0" timestamp="2020-09-22T13:16:53 EDT">
  <testcase classname="appmavenauto.mavenjava.AppiumTest" name="mobileLogin" time="0.003"/>
  <testcase classname="appmavenauto.mavenjava.RESTAPITest" name="SmokeTest" time="0.0"/>
  <testcase classname="appmavenauto.mavenjava.SeleniumTest" name="webLogin" time="0.0"/>
  <testcase classname="appmavenauto.mavenjava.e2eTest" name="firstTest" time="0.0"/>
  <testcase classname="appmavenauto.mavenjava.e2eTest" name="fullTest" time="0.001"/>
  <testcase classname="appmavenauto.mavenjava.e2eTest" name="secondTest" time="0.0"/>
</testsuite> <!-- Test -->
