<?xml version="1.0" encoding="UTF-8"?>
<!-- Generated by org.testng.reporters.JUnitXMLReporter -->
<testsuite ignored="0" hostname="DESKTOP-UUGSSKP" failures="0" tests="3" name="Test" time="0.031" errors="0" timestamp="2020-09-22T11:28:27 EDT">
  <testcase classname="appmavenauto.mavenjava.AppiumTest" name="mobileLogin" time="0.003"/>
  <testcase classname="appmavenauto.mavenjava.RESTAPITest" name="SmokeTest" time="0.0"/>
  <testcase classname="appmavenauto.mavenjava.SeleniumTest" name="webLogin" time="0.0"/>
</testsuite> <!-- Test -->
