<?xml version="1.0" encoding="UTF-8"?>
<testsuite xmlns:xsi="http://www.w3.org/2001/XMLSchema-instance" xsi:noNamespaceSchemaLocation="https://maven.apache.org/surefire/maven-surefire-plugin/xsd/surefire-test-report-3.0.xsd" version="3.0" name="TestSuite" time="0.58" tests="3" errors="0" skipped="0" failures="0">
  <properties>
[...]
</properties>
  <testcase name="mobileLogin" classname="appmavenauto.mavenjava.AppiumTest" time="0.005">
    <system-out><![CDATA[All in 1 mobile test!
]]></system-out>
  </testcase>
  <testcase name="SmokeTest" classname="appmavenauto.mavenjava.RESTAPITest" time="0.001">
    <system-out><![CDATA[All in 1 smoke test!
]]></system-out>
  </testcase>
  <testcase name="webLogin" classname="appmavenauto.mavenjava.SeleniumTest" time="0">
    <system-out><![CDATA[All in 1 web test!
]]></system-out>
  </testcase>
</testsuite>