<?xml version="1.0" encoding="UTF-8"?>
<testng-results ignored="0" total="3" passed="3" failed="0" skipped="0">
  <reporter-output>
  </reporter-output>
  <suite started-at="2020-09-22T11:28:27 EDT" name="Suite" finished-at="2020-09-22T11:28:27 EDT" duration-ms="31">
    <groups>
      <group name="Smoke Test">
        <method signature="AppiumTest.mobileLogin()[pri:1, instance:appmavenauto.mavenjava.AppiumTest@4b168fa9]" name="mobileLogin" class="appmavenauto.mavenjava.AppiumTest"/>
        <method signature="RESTAPITest.SmokeTest()[pri:1, instance:appmavenauto.mavenjava.RESTAPITest@1a84f40f]" name="SmokeTest" class="appmavenauto.mavenjava.RESTAPITest"/>
        <method signature="SeleniumTest.webLogin()[pri:1, instance:appmavenauto.mavenjava.SeleniumTest@23282c25]" name="webLogin" class="appmavenauto.mavenjava.SeleniumTest"/>
      </group> <!-- Smoke Test -->
    </groups>
    <test started-at="2020-09-22T11:28:27 EDT" name="Test" finished-at="2020-09-22T11:28:27 EDT" duration-ms="31">
      <class name="appmavenauto.mavenjava.SeleniumTest">
        <test-method signature="webLogin()[pri:1, instance:appmavenauto.mavenjava.SeleniumTest@23282c25]" started-at="2020-09-22T11:28:27 EDT" name="webLogin" finished-at="2020-09-22T11:28:27 EDT" duration-ms="0" status="PASS">
          <reporter-output>
          </reporter-output>
        </test-method> <!-- webLogin -->
      </class> <!-- appmavenauto.mavenjava.SeleniumTest -->
      <class name="appmavenauto.mavenjava.RESTAPITest">
        <test-method signature="SmokeTest()[pri:1, instance:appmavenauto.mavenjava.RESTAPITest@1a84f40f]" started-at="2020-09-22T11:28:27 EDT" name="SmokeTest" finished-at="2020-09-22T11:28:27 EDT" duration-ms="0" status="PASS">
          <reporter-output>
          </reporter-output>
        </test-method> <!-- SmokeTest -->
      </class> <!-- appmavenauto.mavenjava.RESTAPITest -->
      <class name="appmavenauto.mavenjava.AppiumTest">
        <test-method signature="mobileLogin()[pri:1, instance:appmavenauto.mavenjava.AppiumTest@4b168fa9]" started-at="2020-09-22T11:28:27 EDT" name="mobileLogin" finished-at="2020-09-22T11:28:27 EDT" duration-ms="3" status="PASS">
          <reporter-output>
          </reporter-output>
        </test-method> <!-- mobileLogin -->
      </class> <!-- appmavenauto.mavenjava.AppiumTest -->
    </test> <!-- Test -->
  </suite> <!-- Suite -->
</testng-results>
